c:\users\znowb\source\repos\opengl\opengl\debug\vc142.pdb
c:\users\znowb\source\repos\opengl\opengl\debug\vc142.idb
c:\users\znowb\source\repos\opengl\opengl\debug\vertexbuffer.obj
c:\users\znowb\source\repos\opengl\opengl\debug\vertexarray.obj
c:\users\znowb\source\repos\opengl\opengl\debug\stb_image.obj
c:\users\znowb\source\repos\opengl\opengl\debug\imgui_impl_glfw_gl3.obj
c:\users\znowb\source\repos\opengl\opengl\debug\imgui_draw.obj
c:\users\znowb\source\repos\opengl\opengl\debug\imgui_demo.obj
c:\users\znowb\source\repos\opengl\opengl\debug\imgui.obj
c:\users\znowb\source\repos\opengl\opengl\debug\glm.obj
c:\users\znowb\source\repos\opengl\opengl\debug\texture.obj
c:\users\znowb\source\repos\opengl\opengl\debug\testtexture2d.obj
c:\users\znowb\source\repos\opengl\opengl\debug\testpong.obj
c:\users\znowb\source\repos\opengl\opengl\debug\testclearcolor.obj
c:\users\znowb\source\repos\opengl\opengl\debug\test.obj
c:\users\znowb\source\repos\opengl\opengl\debug\shader.obj
c:\users\znowb\source\repos\opengl\opengl\debug\renderer.obj
c:\users\znowb\source\repos\opengl\opengl\debug\indexbuffer.obj
c:\users\znowb\source\repos\opengl\opengl\debug\application.obj
c:\users\znowb\source\repos\opengl\opengl\debug\gameobject2d.obj
c:\users\znowb\source\repos\opengl\opengl\debug\inputmanager.obj
c:\users\znowb\source\repos\opengl\debug\opengl.exe
c:\users\znowb\source\repos\opengl\debug\opengl.ilk
c:\users\znowb\source\repos\opengl\debug\opengl.pdb
c:\users\znowb\source\repos\opengl\opengl\debug\application.new.obj.enc
c:\users\znowb\source\repos\opengl\opengl\debug\testpong.new.obj.enc
c:\users\znowb\source\repos\opengl\opengl\debug\opengl.tlog\cl.command.1.tlog
c:\users\znowb\source\repos\opengl\opengl\debug\opengl.tlog\cl.read.1.tlog
c:\users\znowb\source\repos\opengl\opengl\debug\opengl.tlog\cl.write.1.tlog
c:\users\znowb\source\repos\opengl\opengl\debug\opengl.tlog\link.command.1.tlog
c:\users\znowb\source\repos\opengl\opengl\debug\opengl.tlog\link.read.1.tlog
c:\users\znowb\source\repos\opengl\opengl\debug\opengl.tlog\link.write.1.tlog
